<?xml version="1.0" encoding="UTF-8"?>
<testng-results skipped="0" failed="0" total="1" passed="1">
  <reporter-output>
  </reporter-output>
  <suite name="Suite" duration-ms="22966" started-at="2017-01-23T00:23:39Z" finished-at="2017-01-23T00:24:02Z">
    <groups>
    </groups>
    <test name="Test" duration-ms="22966" started-at="2017-01-23T00:23:39Z" finished-at="2017-01-23T00:24:02Z">
      <class name="PackageTest.NewClassTest">
        <test-method status="PASS" signature="beforeMethod()[pri:0, instance:PackageTest.NewClassTest@19dfb72a]" name="beforeMethod" is-config="true" duration-ms="19713" started-at="2017-01-23T11:23:39Z" finished-at="2017-01-23T11:23:59Z">
          <reporter-output>
          </reporter-output>
        </test-method> <!-- beforeMethod -->
        <test-method status="PASS" signature="f()[pri:0, instance:PackageTest.NewClassTest@19dfb72a]" name="f" duration-ms="2175" started-at="2017-01-23T11:23:59Z" finished-at="2017-01-23T11:24:01Z">
          <reporter-output>
          </reporter-output>
        </test-method> <!-- f -->
        <test-method status="PASS" signature="afterMethod()[pri:0, instance:PackageTest.NewClassTest@19dfb72a]" name="afterMethod" is-config="true" duration-ms="1058" started-at="2017-01-23T11:24:01Z" finished-at="2017-01-23T11:24:02Z">
          <reporter-output>
          </reporter-output>
        </test-method> <!-- afterMethod -->
      </class> <!-- PackageTest.NewClassTest -->
    </test> <!-- Test -->
  </suite> <!-- Suite -->
</testng-results>
