<?xml version="1.0" encoding="UTF-8"?>
<testng-results skipped="0" failed="0" total="1" passed="1">
  <reporter-output>
  </reporter-output>
  <suite name="Suite" duration-ms="32623" started-at="2017-01-20T04:14:21Z" finished-at="2017-01-20T04:14:53Z">
    <groups>
    </groups>
    <test name="Test" duration-ms="32623" started-at="2017-01-20T04:14:21Z" finished-at="2017-01-20T04:14:53Z">
      <class name="PackageTest.NewClassTest">
        <test-method status="PASS" signature="beforeMethod()[pri:0, instance:PackageTest.NewClassTest@19dfb72a]" name="beforeMethod" is-config="true" duration-ms="27921" started-at="2017-01-20T15:14:21Z" finished-at="2017-01-20T15:14:49Z">
          <reporter-output>
          </reporter-output>
        </test-method> <!-- beforeMethod -->
        <test-method status="PASS" signature="f()[pri:0, instance:PackageTest.NewClassTest@19dfb72a]" name="f" duration-ms="2821" started-at="2017-01-20T15:14:49Z" finished-at="2017-01-20T15:14:52Z">
          <reporter-output>
          </reporter-output>
        </test-method> <!-- f -->
        <test-method status="PASS" signature="afterMethod()[pri:0, instance:PackageTest.NewClassTest@19dfb72a]" name="afterMethod" is-config="true" duration-ms="1785" started-at="2017-01-20T15:14:52Z" finished-at="2017-01-20T15:14:53Z">
          <reporter-output>
          </reporter-output>
        </test-method> <!-- afterMethod -->
      </class> <!-- PackageTest.NewClassTest -->
    </test> <!-- Test -->
  </suite> <!-- Suite -->
</testng-results>
