<?xml version="1.0" encoding="UTF-8"?>
<testng-results skipped="0" failed="0" total="1" passed="1">
  <reporter-output>
  </reporter-output>
  <suite name="Suite" duration-ms="22704" started-at="2017-01-19T05:04:31Z" finished-at="2017-01-19T05:04:54Z">
    <groups>
    </groups>
    <test name="Test" duration-ms="22704" started-at="2017-01-19T05:04:31Z" finished-at="2017-01-19T05:04:54Z">
      <class name="PackageTest.NewClassTest">
        <test-method status="PASS" signature="beforeMethod()[pri:0, instance:PackageTest.NewClassTest@2cfb4a64]" name="beforeMethod" is-config="true" duration-ms="17413" started-at="2017-01-19T16:04:31Z" finished-at="2017-01-19T16:04:48Z">
          <reporter-output>
          </reporter-output>
        </test-method> <!-- beforeMethod -->
        <test-method status="PASS" signature="f()[pri:0, instance:PackageTest.NewClassTest@2cfb4a64]" name="f" duration-ms="2556" started-at="2017-01-19T16:04:48Z" finished-at="2017-01-19T16:04:51Z">
          <reporter-output>
          </reporter-output>
        </test-method> <!-- f -->
        <test-method status="PASS" signature="afterMethod()[pri:0, instance:PackageTest.NewClassTest@2cfb4a64]" name="afterMethod" is-config="true" duration-ms="2708" started-at="2017-01-19T16:04:51Z" finished-at="2017-01-19T16:04:54Z">
          <reporter-output>
          </reporter-output>
        </test-method> <!-- afterMethod -->
      </class> <!-- PackageTest.NewClassTest -->
    </test> <!-- Test -->
  </suite> <!-- Suite -->
</testng-results>
